<?xml version="1.0" encoding="UTF-8" ?>
<testsuite tests="7" failures="0" name="com.vogella.unittest.email.EmailValidatorTest" time="0.004" errors="0" skipped="0">
  <properties>
[...]
</properties>
  <testcase classname="com.vogella.unittest.email.EmailValidatorTest" name="emailValidator_InvalidEmailNotId_ReturnsFalse" time="0.004"/>
  <testcase classname="com.vogella.unittest.email.EmailValidatorTest" name="ensureThatEmailValidatorReturnsTrueForValidEmail" time="0"/>
  <testcase classname="com.vogella.unittest.email.EmailValidatorTest" name="emailValidator_NullEmail_ReturnsFalse" time="0"/>
  <testcase classname="com.vogella.unittest.email.EmailValidatorTest" name="emailValidator_CorrectEmailSubDomain_ReturnsTrue" time="0"/>
  <testcase classname="com.vogella.unittest.email.EmailValidatorTest" name="emailValidator_InvalidEmailDoubleDot_ReturnsFalse" time="0"/>
  <testcase classname="com.vogella.unittest.email.EmailValidatorTest" name="emailValidator_InvalidEmailNoUsername_ReturnsFalse" time="0"/>
  <testcase classname="com.vogella.unittest.email.EmailValidatorTest" name="emailValidator_EmptyString_ReturnsFalse" time="0"/>
</testsuite>